# Logfile created on Fri Dec 21 23:26:05 -0500 2007 by /
DEPRECATION WARNING: server_settings has been renamed smtp_settings, this warning will be removed with rails 2.0  See http://www.rubyonrails.org/deprecation for details. (called from send at /System/Library/Frameworks/Ruby.framework/Versions/1.8/usr/lib/ruby/gems/1.8/gems/rails-1.2.6/lib/initializer.rb:334)
DEPRECATION WARNING: model is deprecated and will be removed from Rails 2.0  See http://www.rubyonrails.org/deprecation for details. (called from /Users/zms/netwirc/svn/app/controllers/application.rb:5)
DEPRECATION WARNING: depend_on is deprecated and will be removed from Rails 2.0  See http://www.rubyonrails.org/deprecation for details. (called from model_without_deprecation at /System/Library/Frameworks/Ruby.framework/Versions/1.8/usr/lib/ruby/gems/1.8/gems/actionpack-1.13.6/lib/action_controller/deprecated_dependencies.rb:13)


Processing ChannelController#visit (for 127.0.0.1 at 2007-12-21 23:26:15) [GET]
  Session ID: c4a12abcdacc1e39905709e3b883cf0f
  Parameters: {"action"=>"visit", "id"=>"1", "controller"=>"channel"}
  [4;36;1mChannel Columns (0.002483)[0m   [0;1mSHOW FIELDS FROM channels[0m
  [4;35;1mChannel Load (0.001456)[0m   [0mSELECT * FROM channels WHERE (channels.`id` = 1) [0m
  [4;36;1mUser Columns (0.004173)[0m   [0;1mSHOW FIELDS FROM users[0m
  [4;35;1mSQL (0.013429)[0m   [0mBEGIN[0m
  [4;36;1mUser Load (0.023340)[0m   [0;1mSELECT * FROM users WHERE (users.name = 'guest259449') LIMIT 1[0m
  [4;35;1mSQL (0.034038)[0m   [0mINSERT INTO users (`name`, `user_profile_access_id`, `user_type_id`, `currently_on`, `hashed_password`, `zipcode`, `last_seen`, `birthday`, `user_private_message_access_id`, `first_name`, `status_id`, `last_name`, `created_at`, `email`) VALUES('guest259449', 1, 1, 1, '66e9558a50999eb10c1031308e7281d9ccc6e88b', NULL, '2007-12-21 23:26:15', '1986-12-21 17:26:15', 1, NULL, 2, NULL, '2007-12-21 23:26:16', 'guest259449@netwirc.com')[0m
  [4;36;1mSQL (0.000467)[0m   [0;1mCOMMIT[0m
  [4;35;1mChannelMember Columns (0.003803)[0m   [0mSHOW FIELDS FROM channel_members[0m
  [4;36;1mChannelMember Load (0.050125)[0m   [0;1mSELECT * FROM channel_members WHERE (channel_members.channel_id = 1) AND (channel_members.`user_id` = 13230) LIMIT 1[0m
  [4;35;1mSQL (0.000247)[0m   [0mBEGIN[0m
  [4;36;1mSQL (0.012560)[0m   [0;1mINSERT INTO channel_members (`channel_id`, `last_seen`, `currently_in`, `user_id`, `channel_member_role_id`) VALUES(1, NULL, 0, 13230, 2)[0m
  [4;35;1mChannel Load (0.001519)[0m   [0mSELECT * FROM channels WHERE (channels.`id` = 1) [0m
Expired fragment: localhost:3000/channel/get_user_list/1 (0.00034)
  [4;36;1mSQL (0.000251)[0m   [0;1mCOMMIT[0m
  [4;35;1mUser Load (0.001580)[0m   [0mSELECT * FROM users WHERE (users.`id` = 13230) [0m
  [4;36;1mChannel Load (0.000939)[0m   [0;1mSELECT * FROM channels WHERE (channels.`id` = 1) [0m
Expired fragment: localhost:3000/channel/get_user_list/1 (0.00014)
  [4;35;1mChannelMember Load (0.001369)[0m   [0mSELECT * FROM channel_members WHERE (channel_id = 1 and channel_member_role_id = 5) LIMIT 1[0m
  [4;36;1mChannelPicture Columns (0.002924)[0m   [0;1mSHOW FIELDS FROM channel_pictures[0m
  [4;35;1mChannelPicture Load (0.018354)[0m   [0mSELECT * FROM channel_pictures WHERE (channel_pictures.`channel_id` = 1) LIMIT 1[0m
  [4;36;1mChannelMember Load (0.001267)[0m   [0;1mSELECT * FROM channel_members WHERE (channel_members.channel_id = 1) AND (channel_members.`user_id` = 13230) LIMIT 1[0m
  [4;35;1mChannelFavorite Columns (0.003107)[0m   [0mSHOW FIELDS FROM channel_favorites[0m
  [4;36;1mChannelFavorite Load (0.015887)[0m   [0;1mSELECT * FROM channel_favorites WHERE (channel_favorites.channel_id = 1) AND (channel_favorites.`channel_id` = 1 AND channel_favorites.`user_id` = 13230) LIMIT 1[0m
  [4;35;1mSQL (0.000334)[0m   [0mBEGIN[0m
  [4;36;1mChannelMember Update (0.051665)[0m   [0;1mUPDATE channel_members SET `currently_in` = 1, `channel_id` = 1, `channel_member_role_id` = 2, `user_id` = 13230, `last_seen` = '2007-12-21 23:26:16' WHERE `id` = 13672[0m
  [4;35;1mChannel Load (0.001473)[0m   [0mSELECT * FROM channels WHERE (channels.`id` = 1) [0m
Expired fragment: localhost:3000/channel/get_user_list/1 (0.00032)
  [4;36;1mSQL (0.000225)[0m   [0;1mCOMMIT[0m
  [4;35;1mChannel Load (0.001088)[0m   [0mSELECT * FROM channels WHERE (channels.`id` = 1) [0m
  [4;36;1mChannelMember Load (0.002179)[0m   [0;1mSELECT * FROM channel_members WHERE (user_id = 13230 AND channel_id = '1' AND (channel_member_role_id = 4 OR channel_member_role_id = 5 OR channel_member_role_id = 6)) LIMIT 1[0m
Rendering  within layouts/general
Rendering channel/visit
Rendered channel/_channel_header_logo (0.00302)
Rendered channel/_channel_header_info (0.02624)
Rendered channel/_channel_header_create_your_own (0.01761)
  [4;35;1mUser Load (0.012406)[0m   [0mSELECT * FROM users WHERE (users.`id` = 669) [0m
  [4;36;1mUserPicture Load (0.023361)[0m   [0;1mSELECT * FROM user_pictures WHERE (user_pictures.user_id = 669) LIMIT 1[0m
  [4;35;1mUserPicture Columns (0.003415)[0m   [0mSHOW FIELDS FROM user_pictures[0m
Rendered channel/_channel_bottom_info (0.23120)
Rendered channel/_chat_room_conversation (0.00283)
DEPRECATION WARNING: end_form_tag is deprecated and will be removed from Rails 2.0  See http://www.rubyonrails.org/deprecation for details. (called from _run_rhtml_47app47views47channel47_chat_room_type_box46rhtml at /Users/zms/netwirc/svn/app/views/channel/_chat_room_type_box.rhtml:7)
Rendered channel/_chat_room_type_box (0.01660)
Rendered channel/_add_favorite (0.00159)
Rendered channel/_channel_menu (0.00461)
Rendered main/_logo (0.01459)
DEPRECATION WARNING: end_form_tag is deprecated and will be removed from Rails 2.0  See http://www.rubyonrails.org/deprecation for details. (called from _run_rhtml_47app47views47main47_find_channel46rhtml at /Users/zms/netwirc/svn/app/views/main/_find_channel.rhtml:8)
Rendered main/_find_channel (0.00563)
  [4;36;1mUser Load (0.002008)[0m   [0;1mSELECT * FROM users WHERE (users.`id` = 13230) [0m
Rendered main/_top_links (0.00532)
  [4;35;1mChannel Load (0.001279)[0m   [0mSELECT * FROM channels WHERE (channels.`id` = 1) [0m
Rendered main/_featured_channel (0.00867)
  [4;36;1mChannel Load (0.001229)[0m   [0;1mSELECT * FROM channels WHERE (channels.`id` = 12) [0m
Rendered main/_featured_channel (0.00014)
  [4;35;1mChannel Load (0.001130)[0m   [0mSELECT * FROM channels WHERE (channels.`id` = 13) [0m
Rendered main/_featured_channel (0.00013)
  [4;36;1mChannel Load (0.001139)[0m   [0;1mSELECT * FROM channels WHERE (channels.`id` = 14) [0m
Rendered main/_featured_channel (0.00011)
  [4;35;1mChannel Load (0.000827)[0m   [0mSELECT * FROM channels WHERE (channels.`id` = 15) [0m
Rendered main/_featured_channel (0.00008)
Rendered main/_featured_channels (0.05300)
Rendered main/_tabs (0.00261)
  [4;36;1mUser Load (0.001549)[0m   [0;1mSELECT * FROM users WHERE (users.`id` = 13230) [0m
DEPRECATION WARNING: end_form_tag is deprecated and will be removed from Rails 2.0  See http://www.rubyonrails.org/deprecation for details. (called from _run_rhtml_47app47views47user47_mini_login46rhtml at /Users/zms/netwirc/svn/app/views/user/_mini_login.rhtml:11)
Rendered user/_mini_login (0.00903)
Rendered main/_left_nav (0.01593)
Rendered main/_event_listener (0.00203)
  [4;35;1mChannelMember Load (0.014859)[0m   [0mSELECT * FROM channel_members WHERE (user_id = 13230) ORDER BY last_seen DESC LIMIT 10[0m
  [4;36;1mChannel Load (0.001229)[0m   [0;1mSELECT * FROM channels WHERE (channels.`id` = 1) [0m
Rendered channel/_history (0.03290)
  [4;35;1mChannel Load (0.045290)[0m   [0mselect channels.id AS id, channels.name AS name, count(channel_members.user_id) AS qty from channels, channel_members, users where channels.id = channel_members.channel_id and channels.channel_access_id <> 3 and channel_members.currently_in = 1 and channel_members.user_id = users.id and (channels.channel_access_id = 1 or users.user_type_id <> 1) group by channel_id order by qty desc limit 10[0m
Rendered channel/_popular (0.05426)
Rendered main/_bottom_links (0.00237)
DEPRECATION WARNING: @flash is deprecated! Call flash.[] instead of @flash.[]. Args: [:error]  See http://www.rubyonrails.org/deprecation for details. (called from _run_rhtml_47app47views47main47_flash46rhtml at /Users/zms/netwirc/svn/app/views/main/_flash.rhtml:1)
DEPRECATION WARNING: @flash is deprecated! Call flash.[] instead of @flash.[]. Args: [:notice]  See http://www.rubyonrails.org/deprecation for details. (called from _run_rhtml_47app47views47main47_flash46rhtml at /Users/zms/netwirc/svn/app/views/main/_flash.rhtml:2)
Rendered main/_flash (0.12515)
Completed in 1.05452 (0 reqs/sec) | Rendering: 0.60642 (57%) | DB: 0.36000 (34%) | 200 OK [http://localhost/]
DEPRECATION WARNING: model is deprecated and will be removed from Rails 2.0  See http://www.rubyonrails.org/deprecation for details. (called from /Users/zms/netwirc/svn/app/controllers/application.rb:5)
DEPRECATION WARNING: depend_on is deprecated and will be removed from Rails 2.0  See http://www.rubyonrails.org/deprecation for details. (called from model_without_deprecation at /System/Library/Frameworks/Ruby.framework/Versions/1.8/usr/lib/ruby/gems/1.8/gems/actionpack-1.13.6/lib/action_controller/deprecated_dependencies.rb:13)
UserController: missing default helper path user_helper


Processing UserController#picture (for 127.0.0.1 at 2007-12-21 23:26:17) [GET]
  Session ID: c4a12abcdacc1e39905709e3b883cf0f
  Parameters: {"action"=>"picture", "id"=>"33", "controller"=>"user"}
  [4;36;1mUserPicture Columns (0.003620)[0m   [0;1mSHOW FIELDS FROM user_pictures[0m
  [4;35;1mUserPicture Load (0.001397)[0m   [0mSELECT * FROM user_pictures WHERE (user_pictures.`id` = 33) [0m
Sending data 
Completed in 0.05755 (17 reqs/sec) | Rendering: 0.00006 (0%) | DB: 0.00502 (8%) | 200 OK [http://localhost/user/picture/33]
DEPRECATION WARNING: model is deprecated and will be removed from Rails 2.0  See http://www.rubyonrails.org/deprecation for details. (called from /Users/zms/netwirc/svn/app/controllers/application.rb:5)
DEPRECATION WARNING: depend_on is deprecated and will be removed from Rails 2.0  See http://www.rubyonrails.org/deprecation for details. (called from model_without_deprecation at /System/Library/Frameworks/Ruby.framework/Versions/1.8/usr/lib/ruby/gems/1.8/gems/actionpack-1.13.6/lib/action_controller/deprecated_dependencies.rb:13)


Processing ChannelController#picture (for 127.0.0.1 at 2007-12-21 23:26:17) [GET]
  Session ID: c4a12abcdacc1e39905709e3b883cf0f
  Parameters: {"action"=>"picture", "id"=>"5", "controller"=>"channel"}
  [4;36;1mChannelPicture Columns (0.009174)[0m   [0;1mSHOW FIELDS FROM channel_pictures[0m
  [4;35;1mChannelPicture Load (0.002971)[0m   [0mSELECT * FROM channel_pictures WHERE (channel_pictures.`id` = 5) [0m
Sending data 
Completed in 0.01872 (53 reqs/sec) | Rendering: 0.00006 (0%) | DB: 0.01214 (64%) | 200 OK [http://localhost/channel/picture/5]
DEPRECATION WARNING: model is deprecated and will be removed from Rails 2.0  See http://www.rubyonrails.org/deprecation for details. (called from /Users/zms/netwirc/svn/app/controllers/application.rb:5)
DEPRECATION WARNING: depend_on is deprecated and will be removed from Rails 2.0  See http://www.rubyonrails.org/deprecation for details. (called from model_without_deprecation at /System/Library/Frameworks/Ruby.framework/Versions/1.8/usr/lib/ruby/gems/1.8/gems/actionpack-1.13.6/lib/action_controller/deprecated_dependencies.rb:13)


Processing ChannelController#check_for_messages (for 127.0.0.1 at 2007-12-21 23:26:17) [POST]
  Session ID: c4a12abcdacc1e39905709e3b883cf0f
  Parameters: {"action"=>"check_for_messages", "id"=>"1", "controller"=>"channel"}
  [4;36;1mChannelTranscript Load (0.071405)[0m   [0;1mSELECT * FROM channel_transcripts WHERE (channel_id = '1') ORDER BY id desc LIMIT 11[0m
  [4;35;1mChannelTranscript Columns (0.002017)[0m   [0mSHOW FIELDS FROM channel_transcripts[0m
  [4;36;1mChannelTranscript Load (0.041928)[0m   [0;1mSELECT * FROM channel_transcripts WHERE (channel_id = '1') ORDER BY id desc LIMIT 1[0m
  [4;35;1mChannel Columns (0.004042)[0m   [0mSHOW FIELDS FROM channels[0m
  [4;36;1mChannel Load (0.001170)[0m   [0;1mSELECT * FROM channels WHERE (channels.`id` = 1) [0m
  [4;35;1mUser Columns (0.002828)[0m   [0mSHOW FIELDS FROM users[0m
  [4;36;1mUser Load (0.001090)[0m   [0;1mSELECT * FROM users WHERE (users.`id` = 13230) [0m
  [4;35;1mChannelTranscript Load (0.025640)[0m   [0mSELECT * FROM channel_transcripts WHERE (id > 11429 AND channel_id = 1) ORDER BY id[0m
Rendering channel/check_for_messages
  [4;36;1mUser Load (0.017402)[0m   [0;1mSELECT * FROM users WHERE (users.`id` = 9814) [0m
  [4;35;1mUser Load (0.002778)[0m   [0mSELECT * FROM users WHERE (users.`id` = 9932) [0m
  [4;36;1mUser Load (0.002125)[0m   [0;1mSELECT * FROM users WHERE (users.`id` = 10134) [0m
  [4;35;1mUser Load (0.001478)[0m   [0mSELECT * FROM users WHERE (users.`id` = 10196) [0m
  [4;36;1mUser Load (0.001486)[0m   [0;1mSELECT * FROM users WHERE (users.`id` = 129) [0m
  [4;35;1mUser Load (0.010721)[0m   [0mSELECT * FROM users WHERE (users.`id` = 5420) [0m
  [4;36;1mUser Load (0.001598)[0m   [0;1mSELECT * FROM users WHERE (users.`id` = 129) [0m
  [4;35;1mUser Load (0.002114)[0m   [0mSELECT * FROM users WHERE (users.`id` = 11523) [0m
Rendered channel/_latest_messages (0.05292)
Completed in 0.25587 (3 reqs/sec) | Rendering: 0.03252 (12%) | DB: 0.18982 (74%) | 200 OK [http://localhost/channel/check_for_messages/1]
DEPRECATION WARNING: model is deprecated and will be removed from Rails 2.0  See http://www.rubyonrails.org/deprecation for details. (called from /Users/zms/netwirc/svn/app/controllers/application.rb:5)
DEPRECATION WARNING: depend_on is deprecated and will be removed from Rails 2.0  See http://www.rubyonrails.org/deprecation for details. (called from model_without_deprecation at /System/Library/Frameworks/Ruby.framework/Versions/1.8/usr/lib/ruby/gems/1.8/gems/actionpack-1.13.6/lib/action_controller/deprecated_dependencies.rb:13)


Processing ChannelController#check_for_messages (for 127.0.0.1 at 2007-12-21 23:26:18) [POST]
  Session ID: c4a12abcdacc1e39905709e3b883cf0f
  Parameters: {"action"=>"check_for_messages", "id"=>"1", "controller"=>"channel"}
  [4;36;1mChannelTranscript Load (0.042026)[0m   [0;1mSELECT * FROM channel_transcripts WHERE (channel_id = '1') ORDER BY id desc LIMIT 1[0m
  [4;35;1mChannelTranscript Columns (0.003915)[0m   [0mSHOW FIELDS FROM channel_transcripts[0m
Rendering channel/check_for_messages
Rendered channel/_latest_messages (0.00014)
Completed in 0.05491 (18 reqs/sec) | Rendering: 0.00584 (10%) | DB: 0.04594 (83%) | 200 OK [http://localhost/channel/check_for_messages/1]
DEPRECATION WARNING: model is deprecated and will be removed from Rails 2.0  See http://www.rubyonrails.org/deprecation for details. (called from /Users/zms/netwirc/svn/app/controllers/application.rb:5)
DEPRECATION WARNING: depend_on is deprecated and will be removed from Rails 2.0  See http://www.rubyonrails.org/deprecation for details. (called from model_without_deprecation at /System/Library/Frameworks/Ruby.framework/Versions/1.8/usr/lib/ruby/gems/1.8/gems/actionpack-1.13.6/lib/action_controller/deprecated_dependencies.rb:13)


Processing ChannelController#get_user_list (for 127.0.0.1 at 2007-12-21 23:26:18) [POST]
  Session ID: c4a12abcdacc1e39905709e3b883cf0f
  Parameters: {"action"=>"get_user_list", "id"=>"1", "controller"=>"channel"}
Fragment read: localhost:3000/channel/get_user_list/1 (0.00016)
  [4;36;1mChannel Columns (0.005983)[0m   [0;1mSHOW FIELDS FROM channels[0m
  [4;35;1mChannel Load (0.002000)[0m   [0mSELECT * FROM channels WHERE (channels.`id` = 1) [0m
  [4;36;1mChannelMember Load (0.001037)[0m   [0;1mSELECT * FROM channel_members WHERE (channel_id = 1 AND currently_in = 1) ORDER BY channel_member_role_id DESC[0m
  [4;35;1mChannelMember Columns (0.002207)[0m   [0mSHOW FIELDS FROM channel_members[0m
  [4;36;1mUser Columns (0.004697)[0m   [0;1mSHOW FIELDS FROM users[0m
  [4;35;1mUser Load (0.002560)[0m   [0mSELECT * FROM users WHERE (users.`id` = 13230) [0m
  [4;36;1mChannel Load (0.000898)[0m   [0;1mSELECT * FROM channels WHERE (channels.`id` = 1) [0m
DEPRECATION WARNING: end_form_tag is deprecated and will be removed from Rails 2.0  See http://www.rubyonrails.org/deprecation for details. (called from _run_rhtml_47app47views47channel47_chat_room_member_list46rhtml at /Users/zms/netwirc/svn/app/views/channel/_chat_room_member_list.rhtml:29)
Rendered channel/_chat_room_member_list (0.03481)
Cached fragment: localhost:3000/channel/get_user_list/1 (0.00224)
Completed in 0.06219 (16 reqs/sec) | Rendering: 0.02495 (40%) | DB: 0.01938 (31%) | 200 OK [http://localhost/channel/get_user_list/1]
DEPRECATION WARNING: model is deprecated and will be removed from Rails 2.0  See http://www.rubyonrails.org/deprecation for details. (called from /Users/zms/netwirc/svn/app/controllers/application.rb:5)
DEPRECATION WARNING: depend_on is deprecated and will be removed from Rails 2.0  See http://www.rubyonrails.org/deprecation for details. (called from model_without_deprecation at /System/Library/Frameworks/Ruby.framework/Versions/1.8/usr/lib/ruby/gems/1.8/gems/actionpack-1.13.6/lib/action_controller/deprecated_dependencies.rb:13)


Processing ChannelController#check_for_messages (for 127.0.0.1 at 2007-12-21 23:26:18) [POST]
  Session ID: c4a12abcdacc1e39905709e3b883cf0f
  Parameters: {"action"=>"check_for_messages", "id"=>"1", "controller"=>"channel"}
  [4;35;1mChannelTranscript Load (0.042195)[0m   [0mSELECT * FROM channel_transcripts WHERE (channel_id = '1') ORDER BY id desc LIMIT 1[0m
  [4;36;1mChannelTranscript Columns (0.003860)[0m   [0;1mSHOW FIELDS FROM channel_transcripts[0m
Rendering channel/check_for_messages
Rendered channel/_latest_messages (0.00014)
Completed in 0.05544 (18 reqs/sec) | Rendering: 0.00598 (10%) | DB: 0.04606 (83%) | 200 OK [http://localhost/channel/check_for_messages/1]
DEPRECATION WARNING: model is deprecated and will be removed from Rails 2.0  See http://www.rubyonrails.org/deprecation for details. (called from /Users/zms/netwirc/svn/app/controllers/application.rb:5)
DEPRECATION WARNING: depend_on is deprecated and will be removed from Rails 2.0  See http://www.rubyonrails.org/deprecation for details. (called from model_without_deprecation at /System/Library/Frameworks/Ruby.framework/Versions/1.8/usr/lib/ruby/gems/1.8/gems/actionpack-1.13.6/lib/action_controller/deprecated_dependencies.rb:13)


Processing ChannelController#get_user_list (for 127.0.0.1 at 2007-12-21 23:26:19) [POST]
  Session ID: c4a12abcdacc1e39905709e3b883cf0f
  Parameters: {"action"=>"get_user_list", "id"=>"1", "controller"=>"channel"}
Fragment read: localhost:3000/channel/get_user_list/1 (0.00020)
Filter chain halted as [#<ActionController::Filters::ClassMethods::ClassBeforeFilter:0x255114c @filter=#<ActionController::Caching::Actions::ActionCacheFilter:0x25512c8 @actions=#<Set: {:get_user_list}>>>] returned_false.
Completed in 0.00122 (820 reqs/sec) | DB: 0.00000 (0%) | 200 OK [http://localhost/channel/get_user_list/1]
DEPRECATION WARNING: model is deprecated and will be removed from Rails 2.0  See http://www.rubyonrails.org/deprecation for details. (called from /Users/zms/netwirc/svn/app/controllers/application.rb:5)
DEPRECATION WARNING: depend_on is deprecated and will be removed from Rails 2.0  See http://www.rubyonrails.org/deprecation for details. (called from model_without_deprecation at /System/Library/Frameworks/Ruby.framework/Versions/1.8/usr/lib/ruby/gems/1.8/gems/actionpack-1.13.6/lib/action_controller/deprecated_dependencies.rb:13)


Processing ChannelController#check_for_messages (for 127.0.0.1 at 2007-12-21 23:26:19) [POST]
  Session ID: c4a12abcdacc1e39905709e3b883cf0f
  Parameters: {"action"=>"check_for_messages", "id"=>"1", "controller"=>"channel"}
  [4;35;1mChannelTranscript Load (0.041851)[0m   [0mSELECT * FROM channel_transcripts WHERE (channel_id = '1') ORDER BY id desc LIMIT 1[0m
  [4;36;1mChannelTranscript Columns (0.004128)[0m   [0;1mSHOW FIELDS FROM channel_transcripts[0m
Rendering channel/check_for_messages
Rendered channel/_latest_messages (0.00014)
Completed in 0.05512 (18 reqs/sec) | Rendering: 0.00589 (10%) | DB: 0.04598 (83%) | 200 OK [http://localhost/channel/check_for_messages/1]
DEPRECATION WARNING: model is deprecated and will be removed from Rails 2.0  See http://www.rubyonrails.org/deprecation for details. (called from /Users/zms/netwirc/svn/app/controllers/application.rb:5)
DEPRECATION WARNING: depend_on is deprecated and will be removed from Rails 2.0  See http://www.rubyonrails.org/deprecation for details. (called from model_without_deprecation at /System/Library/Frameworks/Ruby.framework/Versions/1.8/usr/lib/ruby/gems/1.8/gems/actionpack-1.13.6/lib/action_controller/deprecated_dependencies.rb:13)


Processing ChannelController#check_for_messages (for 127.0.0.1 at 2007-12-21 23:26:19) [POST]
  Session ID: c4a12abcdacc1e39905709e3b883cf0f
  Parameters: {"action"=>"check_for_messages", "id"=>"1", "controller"=>"channel"}
  [4;35;1mChannelTranscript Load (0.042570)[0m   [0mSELECT * FROM channel_transcripts WHERE (channel_id = '1') ORDER BY id desc LIMIT 1[0m
  [4;36;1mChannelTranscript Columns (0.003943)[0m   [0;1mSHOW FIELDS FROM channel_transcripts[0m
Rendering channel/check_for_messages
Rendered channel/_latest_messages (0.00014)
Completed in 0.05562 (17 reqs/sec) | Rendering: 0.00585 (10%) | DB: 0.04651 (83%) | 200 OK [http://localhost/channel/check_for_messages/1]
DEPRECATION WARNING: model is deprecated and will be removed from Rails 2.0  See http://www.rubyonrails.org/deprecation for details. (called from /Users/zms/netwirc/svn/app/controllers/application.rb:5)
DEPRECATION WARNING: depend_on is deprecated and will be removed from Rails 2.0  See http://www.rubyonrails.org/deprecation for details. (called from model_without_deprecation at /System/Library/Frameworks/Ruby.framework/Versions/1.8/usr/lib/ruby/gems/1.8/gems/actionpack-1.13.6/lib/action_controller/deprecated_dependencies.rb:13)


Processing ChannelController#get_user_list (for 127.0.0.1 at 2007-12-21 23:26:20) [POST]
  Session ID: c4a12abcdacc1e39905709e3b883cf0f
  Parameters: {"action"=>"get_user_list", "id"=>"1", "controller"=>"channel"}
Fragment read: localhost:3000/channel/get_user_list/1 (0.00018)
Filter chain halted as [#<ActionController::Filters::ClassMethods::ClassBeforeFilter:0x2523670 @filter=#<ActionController::Caching::Actions::ActionCacheFilter:0x2523a08 @actions=#<Set: {:get_user_list}>>>] returned_false.
Completed in 0.00119 (837 reqs/sec) | DB: 0.00000 (0%) | 200 OK [http://localhost/channel/get_user_list/1]
DEPRECATION WARNING: model is deprecated and will be removed from Rails 2.0  See http://www.rubyonrails.org/deprecation for details. (called from /Users/zms/netwirc/svn/app/controllers/application.rb:5)
DEPRECATION WARNING: depend_on is deprecated and will be removed from Rails 2.0  See http://www.rubyonrails.org/deprecation for details. (called from model_without_deprecation at /System/Library/Frameworks/Ruby.framework/Versions/1.8/usr/lib/ruby/gems/1.8/gems/actionpack-1.13.6/lib/action_controller/deprecated_dependencies.rb:13)


Processing ChannelController#check_for_messages (for 127.0.0.1 at 2007-12-21 23:26:20) [POST]
  Session ID: c4a12abcdacc1e39905709e3b883cf0f
  Parameters: {"action"=>"check_for_messages", "id"=>"1", "controller"=>"channel"}
  [4;35;1mChannelTranscript Load (0.041854)[0m   [0mSELECT * FROM channel_transcripts WHERE (channel_id = '1') ORDER BY id desc LIMIT 1[0m
  [4;36;1mChannelTranscript Columns (0.003970)[0m   [0;1mSHOW FIELDS FROM channel_transcripts[0m
Rendering channel/check_for_messages
Rendered channel/_latest_messages (0.00014)
Completed in 0.05521 (18 reqs/sec) | Rendering: 0.00594 (10%) | DB: 0.04582 (83%) | 200 OK [http://localhost/channel/check_for_messages/1]
DEPRECATION WARNING: model is deprecated and will be removed from Rails 2.0  See http://www.rubyonrails.org/deprecation for details. (called from /Users/zms/netwirc/svn/app/controllers/application.rb:5)
DEPRECATION WARNING: depend_on is deprecated and will be removed from Rails 2.0  See http://www.rubyonrails.org/deprecation for details. (called from model_without_deprecation at /System/Library/Frameworks/Ruby.framework/Versions/1.8/usr/lib/ruby/gems/1.8/gems/actionpack-1.13.6/lib/action_controller/deprecated_dependencies.rb:13)


Processing ChannelController#check_for_messages (for 127.0.0.1 at 2007-12-21 23:26:20) [POST]
  Session ID: c4a12abcdacc1e39905709e3b883cf0f
  Parameters: {"action"=>"check_for_messages", "id"=>"1", "controller"=>"channel"}
  [4;35;1mChannelTranscript Load (0.042463)[0m   [0mSELECT * FROM channel_transcripts WHERE (channel_id = '1') ORDER BY id desc LIMIT 1[0m
  [4;36;1mChannelTranscript Columns (0.003829)[0m   [0;1mSHOW FIELDS FROM channel_transcripts[0m
Rendering channel/check_for_messages
Rendered channel/_latest_messages (0.00013)
Completed in 0.05573 (17 reqs/sec) | Rendering: 0.00603 (10%) | DB: 0.04629 (83%) | 200 OK [http://localhost/channel/check_for_messages/1]
DEPRECATION WARNING: model is deprecated and will be removed from Rails 2.0  See http://www.rubyonrails.org/deprecation for details. (called from /Users/zms/netwirc/svn/app/controllers/application.rb:5)
DEPRECATION WARNING: depend_on is deprecated and will be removed from Rails 2.0  See http://www.rubyonrails.org/deprecation for details. (called from model_without_deprecation at /System/Library/Frameworks/Ruby.framework/Versions/1.8/usr/lib/ruby/gems/1.8/gems/actionpack-1.13.6/lib/action_controller/deprecated_dependencies.rb:13)


Processing ChannelController#check_for_messages (for 127.0.0.1 at 2007-12-21 23:26:21) [POST]
  Session ID: c4a12abcdacc1e39905709e3b883cf0f
  Parameters: {"action"=>"check_for_messages", "id"=>"1", "controller"=>"channel"}
  [4;35;1mChannelTranscript Load (0.041774)[0m   [0mSELECT * FROM channel_transcripts WHERE (channel_id = '1') ORDER BY id desc LIMIT 1[0m
  [4;36;1mChannelTranscript Columns (0.003782)[0m   [0;1mSHOW FIELDS FROM channel_transcripts[0m
Rendering channel/check_for_messages
Rendered channel/_latest_messages (0.00014)
Completed in 0.05483 (18 reqs/sec) | Rendering: 0.00601 (10%) | DB: 0.04556 (83%) | 200 OK [http://localhost/channel/check_for_messages/1]
DEPRECATION WARNING: model is deprecated and will be removed from Rails 2.0  See http://www.rubyonrails.org/deprecation for details. (called from /Users/zms/netwirc/svn/app/controllers/application.rb:5)
DEPRECATION WARNING: depend_on is deprecated and will be removed from Rails 2.0  See http://www.rubyonrails.org/deprecation for details. (called from model_without_deprecation at /System/Library/Frameworks/Ruby.framework/Versions/1.8/usr/lib/ruby/gems/1.8/gems/actionpack-1.13.6/lib/action_controller/deprecated_dependencies.rb:13)


Processing ChannelController#get_user_list (for 127.0.0.1 at 2007-12-21 23:26:21) [POST]
  Session ID: c4a12abcdacc1e39905709e3b883cf0f
  Parameters: {"action"=>"get_user_list", "id"=>"1", "controller"=>"channel"}
Fragment read: localhost:3000/channel/get_user_list/1 (0.00016)
Filter chain halted as [#<ActionController::Filters::ClassMethods::ClassBeforeFilter:0x23e8f80 @filter=#<ActionController::Caching::Actions::ActionCacheFilter:0x23e90fc @actions=#<Set: {:get_user_list}>>>] returned_false.
Completed in 0.00101 (987 reqs/sec) | DB: 0.00000 (0%) | 200 OK [http://localhost/channel/get_user_list/1]
DEPRECATION WARNING: model is deprecated and will be removed from Rails 2.0  See http://www.rubyonrails.org/deprecation for details. (called from /Users/zms/netwirc/svn/app/controllers/application.rb:5)
DEPRECATION WARNING: depend_on is deprecated and will be removed from Rails 2.0  See http://www.rubyonrails.org/deprecation for details. (called from model_without_deprecation at /System/Library/Frameworks/Ruby.framework/Versions/1.8/usr/lib/ruby/gems/1.8/gems/actionpack-1.13.6/lib/action_controller/deprecated_dependencies.rb:13)


Processing ChannelController#check_for_messages (for 127.0.0.1 at 2007-12-21 23:26:21) [POST]
  Session ID: c4a12abcdacc1e39905709e3b883cf0f
  Parameters: {"action"=>"check_for_messages", "id"=>"1", "controller"=>"channel"}
  [4;35;1mChannelTranscript Load (0.042007)[0m   [0mSELECT * FROM channel_transcripts WHERE (channel_id = '1') ORDER BY id desc LIMIT 1[0m
  [4;36;1mChannelTranscript Columns (0.004094)[0m   [0;1mSHOW FIELDS FROM channel_transcripts[0m
Rendering channel/check_for_messages
Rendered channel/_latest_messages (0.00014)
Completed in 0.05511 (18 reqs/sec) | Rendering: 0.00580 (10%) | DB: 0.04610 (83%) | 200 OK [http://localhost/channel/check_for_messages/1]
DEPRECATION WARNING: model is deprecated and will be removed from Rails 2.0  See http://www.rubyonrails.org/deprecation for details. (called from /Users/zms/netwirc/svn/app/controllers/application.rb:5)
DEPRECATION WARNING: depend_on is deprecated and will be removed from Rails 2.0  See http://www.rubyonrails.org/deprecation for details. (called from model_without_deprecation at /System/Library/Frameworks/Ruby.framework/Versions/1.8/usr/lib/ruby/gems/1.8/gems/actionpack-1.13.6/lib/action_controller/deprecated_dependencies.rb:13)
MainController: missing default helper path main_helper


Processing MainController#check_for_events (for 127.0.0.1 at 2007-12-21 23:26:22) [POST]
  Session ID: c4a12abcdacc1e39905709e3b883cf0f
  Parameters: {"action"=>"check_for_events", "id"=>"13230", "controller"=>"main"}
  [4;35;1mEventListener Load (0.015004)[0m   [0mSELECT * FROM event_listeners WHERE (receiving_user_id = '13230' AND status_id = 1) LIMIT 1[0m
Rendering  within layouts/general
Rendering main/check_for_events
Rendered main/_logo (0.00025)
DEPRECATION WARNING: end_form_tag is deprecated and will be removed from Rails 2.0  See http://www.rubyonrails.org/deprecation for details. (called from _run_rhtml_47app47views47main47_find_channel46rhtml at /Users/zms/netwirc/svn/app/views/main/_find_channel.rhtml:8)
Rendered main/_find_channel (0.00185)
  [4;36;1mUser Columns (0.376990)[0m   [0;1mSHOW FIELDS FROM users[0m
  [4;35;1mUser Load (0.003606)[0m   [0mSELECT * FROM users WHERE (users.`id` = 13230) [0m
Rendered main/_top_links (0.40400)
  [4;36;1mChannel Columns (0.003708)[0m   [0;1mSHOW FIELDS FROM channels[0m
  [4;35;1mChannel Load (0.001136)[0m   [0mSELECT * FROM channels WHERE (channels.`id` = 1) [0m
Rendered main/_featured_channel (0.00130)
  [4;36;1mChannel Load (0.001042)[0m   [0;1mSELECT * FROM channels WHERE (channels.`id` = 12) [0m
Rendered main/_featured_channel (0.00010)
  [4;35;1mChannel Load (0.000934)[0m   [0mSELECT * FROM channels WHERE (channels.`id` = 13) [0m
Rendered main/_featured_channel (0.00010)
  [4;36;1mChannel Load (0.000733)[0m   [0;1mSELECT * FROM channels WHERE (channels.`id` = 14) [0m
Rendered main/_featured_channel (0.00007)
  [4;35;1mChannel Load (0.000688)[0m   [0mSELECT * FROM channels WHERE (channels.`id` = 15) [0m
Rendered main/_featured_channel (0.00007)
Rendered main/_featured_channels (0.02968)
Rendered main/_tabs (0.00064)
  [4;36;1mUser Load (0.000942)[0m   [0;1mSELECT * FROM users WHERE (users.`id` = 13230) [0m
DEPRECATION WARNING: end_form_tag is deprecated and will be removed from Rails 2.0  See http://www.rubyonrails.org/deprecation for details. (called from _run_rhtml_47app47views47user47_mini_login46rhtml at /Users/zms/netwirc/svn/app/views/user/_mini_login.rhtml:11)
Rendered user/_mini_login (0.00086)
Rendered main/_left_nav (0.00264)
Rendered main/_event_listener (0.00053)
  [4;35;1mChannelMember Load (0.000679)[0m   [0mSELECT * FROM channel_members WHERE (user_id = 13230) ORDER BY last_seen DESC LIMIT 10[0m
  [4;36;1mChannelMember Columns (0.003065)[0m   [0;1mSHOW FIELDS FROM channel_members[0m
  [4;35;1mChannel Load (0.001093)[0m   [0mSELECT * FROM channels WHERE (channels.`id` = 1) [0m
Rendered channel/_history (0.00672)
  [4;36;1mChannel Load (0.000895)[0m   [0;1mselect channels.id AS id, channels.name AS name, count(channel_members.user_id) AS qty from channels, channel_members, users where channels.id = channel_members.channel_id and channels.channel_access_id <> 3 and channel_members.currently_in = 1 and channel_members.user_id = users.id and (channels.channel_access_id = 1 or users.user_type_id <> 1) group by channel_id order by qty desc limit 10[0m
Rendered channel/_popular (0.00180)
Rendered main/_bottom_links (0.00066)
DEPRECATION WARNING: @flash is deprecated! Call flash.[] instead of @flash.[]. Args: [:error]  See http://www.rubyonrails.org/deprecation for details. (called from _run_rhtml_47app47views47main47_flash46rhtml at /Users/zms/netwirc/svn/app/views/main/_flash.rhtml:1)
DEPRECATION WARNING: @flash is deprecated! Call flash.[] instead of @flash.[]. Args: [:notice]  See http://www.rubyonrails.org/deprecation for details. (called from _run_rhtml_47app47views47main47_flash46rhtml at /Users/zms/netwirc/svn/app/views/main/_flash.rhtml:2)
Rendered main/_flash (0.00061)
Completed in 0.51201 (1 reqs/sec) | Rendering: 0.07225 (14%) | DB: 0.41052 (80%) | 200 OK [http://localhost/main/check_for_events/13230]
DEPRECATION WARNING: model is deprecated and will be removed from Rails 2.0  See http://www.rubyonrails.org/deprecation for details. (called from /Users/zms/netwirc/svn/app/controllers/application.rb:5)
DEPRECATION WARNING: depend_on is deprecated and will be removed from Rails 2.0  See http://www.rubyonrails.org/deprecation for details. (called from model_without_deprecation at /System/Library/Frameworks/Ruby.framework/Versions/1.8/usr/lib/ruby/gems/1.8/gems/actionpack-1.13.6/lib/action_controller/deprecated_dependencies.rb:13)


Processing ChannelController#get_user_list (for 127.0.0.1 at 2007-12-21 23:26:22) [POST]
  Session ID: c4a12abcdacc1e39905709e3b883cf0f
  Parameters: {"action"=>"get_user_list", "id"=>"1", "controller"=>"channel"}
Fragment read: localhost:3000/channel/get_user_list/1 (0.00014)
Filter chain halted as [#<ActionController::Filters::ClassMethods::ClassBeforeFilter:0x25b3e8c @filter=#<ActionController::Caching::Actions::ActionCacheFilter:0x25b4260 @actions=#<Set: {:get_user_list}>>>] returned_false.
Completed in 0.00100 (999 reqs/sec) | DB: 0.00000 (0%) | 200 OK [http://localhost/channel/get_user_list/1]
DEPRECATION WARNING: model is deprecated and will be removed from Rails 2.0  See http://www.rubyonrails.org/deprecation for details. (called from /Users/zms/netwirc/svn/app/controllers/application.rb:5)
DEPRECATION WARNING: depend_on is deprecated and will be removed from Rails 2.0  See http://www.rubyonrails.org/deprecation for details. (called from model_without_deprecation at /System/Library/Frameworks/Ruby.framework/Versions/1.8/usr/lib/ruby/gems/1.8/gems/actionpack-1.13.6/lib/action_controller/deprecated_dependencies.rb:13)


Processing ChannelController#check_for_messages (for 127.0.0.1 at 2007-12-21 23:26:22) [POST]
  Session ID: c4a12abcdacc1e39905709e3b883cf0f
  Parameters: {"action"=>"check_for_messages", "id"=>"1", "controller"=>"channel"}
  [4;35;1mChannelTranscript Load (0.042483)[0m   [0mSELECT * FROM channel_transcripts WHERE (channel_id = '1') ORDER BY id desc LIMIT 1[0m
  [4;36;1mChannelTranscript Columns (0.004561)[0m   [0;1mSHOW FIELDS FROM channel_transcripts[0m
Rendering channel/check_for_messages
Rendered channel/_latest_messages (0.00014)
Completed in 0.05602 (17 reqs/sec) | Rendering: 0.00586 (10%) | DB: 0.04704 (83%) | 200 OK [http://localhost/channel/check_for_messages/1]
DEPRECATION WARNING: model is deprecated and will be removed from Rails 2.0  See http://www.rubyonrails.org/deprecation for details. (called from /Users/zms/netwirc/svn/app/controllers/application.rb:5)
DEPRECATION WARNING: depend_on is deprecated and will be removed from Rails 2.0  See http://www.rubyonrails.org/deprecation for details. (called from model_without_deprecation at /System/Library/Frameworks/Ruby.framework/Versions/1.8/usr/lib/ruby/gems/1.8/gems/actionpack-1.13.6/lib/action_controller/deprecated_dependencies.rb:13)


Processing ChannelController#get_user_list (for 127.0.0.1 at 2007-12-21 23:26:23) [POST]
  Session ID: c4a12abcdacc1e39905709e3b883cf0f
  Parameters: {"action"=>"get_user_list", "id"=>"1", "controller"=>"channel"}
Fragment read: localhost:3000/channel/get_user_list/1 (0.00016)
Filter chain halted as [#<ActionController::Filters::ClassMethods::ClassBeforeFilter:0x234cbd0 @filter=#<ActionController::Caching::Actions::ActionCacheFilter:0x234cd4c @actions=#<Set: {:get_user_list}>>>] returned_false.
Completed in 0.00102 (980 reqs/sec) | DB: 0.00000 (0%) | 200 OK [http://localhost/channel/get_user_list/1]
DEPRECATION WARNING: model is deprecated and will be removed from Rails 2.0  See http://www.rubyonrails.org/deprecation for details. (called from /Users/zms/netwirc/svn/app/controllers/application.rb:5)
DEPRECATION WARNING: depend_on is deprecated and will be removed from Rails 2.0  See http://www.rubyonrails.org/deprecation for details. (called from model_without_deprecation at /System/Library/Frameworks/Ruby.framework/Versions/1.8/usr/lib/ruby/gems/1.8/gems/actionpack-1.13.6/lib/action_controller/deprecated_dependencies.rb:13)


Processing ChannelController#check_for_messages (for 127.0.0.1 at 2007-12-21 23:26:23) [POST]
  Session ID: c4a12abcdacc1e39905709e3b883cf0f
  Parameters: {"action"=>"check_for_messages", "id"=>"1", "controller"=>"channel"}
  [4;35;1mChannelTranscript Load (0.042148)[0m   [0mSELECT * FROM channel_transcripts WHERE (channel_id = '1') ORDER BY id desc LIMIT 1[0m
  [4;36;1mChannelTranscript Columns (0.004185)[0m   [0;1mSHOW FIELDS FROM channel_transcripts[0m
Rendering channel/check_for_messages
Rendered channel/_latest_messages (0.00014)
Completed in 0.05605 (17 reqs/sec) | Rendering: 0.00615 (10%) | DB: 0.04633 (82%) | 200 OK [http://localhost/channel/check_for_messages/1]
DEPRECATION WARNING: model is deprecated and will be removed from Rails 2.0  See http://www.rubyonrails.org/deprecation for details. (called from /Users/zms/netwirc/svn/app/controllers/application.rb:5)
DEPRECATION WARNING: depend_on is deprecated and will be removed from Rails 2.0  See http://www.rubyonrails.org/deprecation for details. (called from model_without_deprecation at /System/Library/Frameworks/Ruby.framework/Versions/1.8/usr/lib/ruby/gems/1.8/gems/actionpack-1.13.6/lib/action_controller/deprecated_dependencies.rb:13)


Processing ChannelController#check_for_messages (for 127.0.0.1 at 2007-12-21 23:26:23) [POST]
  Session ID: c4a12abcdacc1e39905709e3b883cf0f
  Parameters: {"action"=>"check_for_messages", "id"=>"1", "controller"=>"channel"}
  [4;35;1mChannelTranscript Load (0.043228)[0m   [0mSELECT * FROM channel_transcripts WHERE (channel_id = '1') ORDER BY id desc LIMIT 1[0m
  [4;36;1mChannelTranscript Columns (0.004036)[0m   [0;1mSHOW FIELDS FROM channel_transcripts[0m
Rendering channel/check_for_messages
Rendered channel/_latest_messages (0.00014)
Completed in 0.05687 (17 reqs/sec) | Rendering: 0.00647 (11%) | DB: 0.04726 (83%) | 200 OK [http://localhost/channel/check_for_messages/1]
DEPRECATION WARNING: model is deprecated and will be removed from Rails 2.0  See http://www.rubyonrails.org/deprecation for details. (called from /Users/zms/netwirc/svn/app/controllers/application.rb:5)
DEPRECATION WARNING: depend_on is deprecated and will be removed from Rails 2.0  See http://www.rubyonrails.org/deprecation for details. (called from model_without_deprecation at /System/Library/Frameworks/Ruby.framework/Versions/1.8/usr/lib/ruby/gems/1.8/gems/actionpack-1.13.6/lib/action_controller/deprecated_dependencies.rb:13)


Processing ChannelController#get_user_list (for 127.0.0.1 at 2007-12-21 23:26:24) [POST]
  Session ID: c4a12abcdacc1e39905709e3b883cf0f
  Parameters: {"action"=>"get_user_list", "id"=>"1", "controller"=>"channel"}
Fragment read: localhost:3000/channel/get_user_list/1 (0.00017)
Filter chain halted as [#<ActionController::Filters::ClassMethods::ClassBeforeFilter:0x232cca4 @filter=#<ActionController::Caching::Actions::ActionCacheFilter:0x232ce20 @actions=#<Set: {:get_user_list}>>>] returned_false.
Completed in 0.00114 (878 reqs/sec) | DB: 0.00000 (0%) | 200 OK [http://localhost/channel/get_user_list/1]
DEPRECATION WARNING: model is deprecated and will be removed from Rails 2.0  See http://www.rubyonrails.org/deprecation for details. (called from /Users/zms/netwirc/svn/app/controllers/application.rb:5)
DEPRECATION WARNING: depend_on is deprecated and will be removed from Rails 2.0  See http://www.rubyonrails.org/deprecation for details. (called from model_without_deprecation at /System/Library/Frameworks/Ruby.framework/Versions/1.8/usr/lib/ruby/gems/1.8/gems/actionpack-1.13.6/lib/action_controller/deprecated_dependencies.rb:13)


Processing ChannelController#check_for_messages (for 127.0.0.1 at 2007-12-21 23:26:24) [POST]
  Session ID: c4a12abcdacc1e39905709e3b883cf0f
  Parameters: {"action"=>"check_for_messages", "id"=>"1", "controller"=>"channel"}
  [4;35;1mChannelTranscript Load (0.042777)[0m   [0mSELECT * FROM channel_transcripts WHERE (channel_id = '1') ORDER BY id desc LIMIT 1[0m
  [4;36;1mChannelTranscript Columns (0.004227)[0m   [0;1mSHOW FIELDS FROM channel_transcripts[0m
Rendering channel/check_for_messages
Rendered channel/_latest_messages (0.00014)
Completed in 0.05626 (17 reqs/sec) | Rendering: 0.00588 (10%) | DB: 0.04700 (83%) | 200 OK [http://localhost/channel/check_for_messages/1]
DEPRECATION WARNING: model is deprecated and will be removed from Rails 2.0  See http://www.rubyonrails.org/deprecation for details. (called from /Users/zms/netwirc/svn/app/controllers/application.rb:5)
DEPRECATION WARNING: depend_on is deprecated and will be removed from Rails 2.0  See http://www.rubyonrails.org/deprecation for details. (called from model_without_deprecation at /System/Library/Frameworks/Ruby.framework/Versions/1.8/usr/lib/ruby/gems/1.8/gems/actionpack-1.13.6/lib/action_controller/deprecated_dependencies.rb:13)


Processing ChannelController#check_for_messages (for 127.0.0.1 at 2007-12-21 23:26:24) [POST]
  Session ID: c4a12abcdacc1e39905709e3b883cf0f
  Parameters: {"action"=>"check_for_messages", "id"=>"1", "controller"=>"channel"}
  [4;35;1mChannelTranscript Load (0.042065)[0m   [0mSELECT * FROM channel_transcripts WHERE (channel_id = '1') ORDER BY id desc LIMIT 1[0m
  [4;36;1mChannelTranscript Columns (0.003164)[0m   [0;1mSHOW FIELDS FROM channel_transcripts[0m
Rendering channel/check_for_messages
Rendered channel/_latest_messages (0.00014)
Completed in 0.05394 (18 reqs/sec) | Rendering: 0.00576 (10%) | DB: 0.04523 (83%) | 200 OK [http://localhost/channel/check_for_messages/1]
DEPRECATION WARNING: model is deprecated and will be removed from Rails 2.0  See http://www.rubyonrails.org/deprecation for details. (called from /Users/zms/netwirc/svn/app/controllers/application.rb:5)
DEPRECATION WARNING: depend_on is deprecated and will be removed from Rails 2.0  See http://www.rubyonrails.org/deprecation for details. (called from model_without_deprecation at /System/Library/Frameworks/Ruby.framework/Versions/1.8/usr/lib/ruby/gems/1.8/gems/actionpack-1.13.6/lib/action_controller/deprecated_dependencies.rb:13)


Processing ChannelController#get_user_list (for 127.0.0.1 at 2007-12-21 23:26:25) [POST]
  Session ID: c4a12abcdacc1e39905709e3b883cf0f
  Parameters: {"action"=>"get_user_list", "id"=>"1", "controller"=>"channel"}
Fragment read: localhost:3000/channel/get_user_list/1 (0.00014)
Filter chain halted as [#<ActionController::Filters::ClassMethods::ClassBeforeFilter:0x267a924 @filter=#<ActionController::Caching::Actions::ActionCacheFilter:0x267aaa0 @actions=#<Set: {:get_user_list}>>>] returned_false.
Completed in 0.00097 (1035 reqs/sec) | DB: 0.00000 (0%) | 200 OK [http://localhost/channel/get_user_list/1]
DEPRECATION WARNING: model is deprecated and will be removed from Rails 2.0  See http://www.rubyonrails.org/deprecation for details. (called from /Users/zms/netwirc/svn/app/controllers/application.rb:5)
DEPRECATION WARNING: depend_on is deprecated and will be removed from Rails 2.0  See http://www.rubyonrails.org/deprecation for details. (called from model_without_deprecation at /System/Library/Frameworks/Ruby.framework/Versions/1.8/usr/lib/ruby/gems/1.8/gems/actionpack-1.13.6/lib/action_controller/deprecated_dependencies.rb:13)


Processing ChannelController#check_for_messages (for 127.0.0.1 at 2007-12-21 23:26:25) [POST]
  Session ID: c4a12abcdacc1e39905709e3b883cf0f
  Parameters: {"action"=>"check_for_messages", "id"=>"1", "controller"=>"channel"}
  [4;35;1mChannelTranscript Load (0.042791)[0m   [0mSELECT * FROM channel_transcripts WHERE (channel_id = '1') ORDER BY id desc LIMIT 1[0m
  [4;36;1mChannelTranscript Columns (0.004200)[0m   [0;1mSHOW FIELDS FROM channel_transcripts[0m
Rendering channel/check_for_messages
Rendered channel/_latest_messages (0.00013)
Completed in 0.05665 (17 reqs/sec) | Rendering: 0.00594 (10%) | DB: 0.04699 (82%) | 200 OK [http://localhost/channel/check_for_messages/1]
DEPRECATION WARNING: model is deprecated and will be removed from Rails 2.0  See http://www.rubyonrails.org/deprecation for details. (called from /Users/zms/netwirc/svn/app/controllers/application.rb:5)
DEPRECATION WARNING: depend_on is deprecated and will be removed from Rails 2.0  See http://www.rubyonrails.org/deprecation for details. (called from model_without_deprecation at /System/Library/Frameworks/Ruby.framework/Versions/1.8/usr/lib/ruby/gems/1.8/gems/actionpack-1.13.6/lib/action_controller/deprecated_dependencies.rb:13)


Processing ChannelController#check_for_messages (for 127.0.0.1 at 2007-12-21 23:26:25) [POST]
  Session ID: c4a12abcdacc1e39905709e3b883cf0f
  Parameters: {"action"=>"check_for_messages", "id"=>"1", "controller"=>"channel"}
  [4;35;1mChannelTranscript Load (0.048558)[0m   [0mSELECT * FROM channel_transcripts WHERE (channel_id = '1') ORDER BY id desc LIMIT 1[0m
  [4;36;1mChannelTranscript Columns (0.002381)[0m   [0;1mSHOW FIELDS FROM channel_transcripts[0m
Rendering channel/check_for_messages
Rendered channel/_latest_messages (0.00012)
Completed in 0.05910 (16 reqs/sec) | Rendering: 0.00510 (8%) | DB: 0.05094 (86%) | 200 OK [http://localhost/channel/check_for_messages/1]
DEPRECATION WARNING: model is deprecated and will be removed from Rails 2.0  See http://www.rubyonrails.org/deprecation for details. (called from /Users/zms/netwirc/svn/app/controllers/application.rb:5)
DEPRECATION WARNING: depend_on is deprecated and will be removed from Rails 2.0  See http://www.rubyonrails.org/deprecation for details. (called from model_without_deprecation at /System/Library/Frameworks/Ruby.framework/Versions/1.8/usr/lib/ruby/gems/1.8/gems/actionpack-1.13.6/lib/action_controller/deprecated_dependencies.rb:13)


Processing ChannelController#get_user_list (for 127.0.0.1 at 2007-12-21 23:26:26) [POST]
  Session ID: c4a12abcdacc1e39905709e3b883cf0f
  Parameters: {"action"=>"get_user_list", "id"=>"1", "controller"=>"channel"}
Fragment read: localhost:3000/channel/get_user_list/1 (0.00014)
Filter chain halted as [#<ActionController::Filters::ClassMethods::ClassBeforeFilter:0x2648848 @filter=#<ActionController::Caching::Actions::ActionCacheFilter:0x26489c4 @actions=#<Set: {:get_user_list}>>>] returned_false.
Completed in 0.00096 (1037 reqs/sec) | DB: 0.00000 (0%) | 200 OK [http://localhost/channel/get_user_list/1]
DEPRECATION WARNING: model is deprecated and will be removed from Rails 2.0  See http://www.rubyonrails.org/deprecation for details. (called from /Users/zms/netwirc/svn/app/controllers/application.rb:5)
DEPRECATION WARNING: depend_on is deprecated and will be removed from Rails 2.0  See http://www.rubyonrails.org/deprecation for details. (called from model_without_deprecation at /System/Library/Frameworks/Ruby.framework/Versions/1.8/usr/lib/ruby/gems/1.8/gems/actionpack-1.13.6/lib/action_controller/deprecated_dependencies.rb:13)


Processing ChannelController#check_for_messages (for 127.0.0.1 at 2007-12-21 23:26:26) [POST]
  Session ID: c4a12abcdacc1e39905709e3b883cf0f
  Parameters: {"action"=>"check_for_messages", "id"=>"1", "controller"=>"channel"}
  [4;35;1mChannelTranscript Load (0.042081)[0m   [0mSELECT * FROM channel_transcripts WHERE (channel_id = '1') ORDER BY id desc LIMIT 1[0m
  [4;36;1mChannelTranscript Columns (0.001912)[0m   [0;1mSHOW FIELDS FROM channel_transcripts[0m
Rendering channel/check_for_messages
Rendered channel/_latest_messages (0.00010)
Completed in 0.05146 (19 reqs/sec) | Rendering: 0.00404 (7%) | DB: 0.04399 (85%) | 200 OK [http://localhost/channel/check_for_messages/1]
DEPRECATION WARNING: model is deprecated and will be removed from Rails 2.0  See http://www.rubyonrails.org/deprecation for details. (called from /Users/zms/netwirc/svn/app/controllers/application.rb:5)
DEPRECATION WARNING: depend_on is deprecated and will be removed from Rails 2.0  See http://www.rubyonrails.org/deprecation for details. (called from model_without_deprecation at /System/Library/Frameworks/Ruby.framework/Versions/1.8/usr/lib/ruby/gems/1.8/gems/actionpack-1.13.6/lib/action_controller/deprecated_dependencies.rb:13)


Processing ChannelController#check_for_messages (for 127.0.0.1 at 2007-12-21 23:26:26) [POST]
  Session ID: c4a12abcdacc1e39905709e3b883cf0f
  Parameters: {"action"=>"check_for_messages", "id"=>"1", "controller"=>"channel"}
  [4;35;1mChannelTranscript Load (0.042723)[0m   [0mSELECT * FROM channel_transcripts WHERE (channel_id = '1') ORDER BY id desc LIMIT 1[0m
  [4;36;1mChannelTranscript Columns (0.003245)[0m   [0;1mSHOW FIELDS FROM channel_transcripts[0m
Rendering channel/check_for_messages
Rendered channel/_latest_messages (0.00012)
Completed in 0.05543 (18 reqs/sec) | Rendering: 0.00551 (9%) | DB: 0.04597 (82%) | 200 OK [http://localhost/channel/check_for_messages/1]
DEPRECATION WARNING: model is deprecated and will be removed from Rails 2.0  See http://www.rubyonrails.org/deprecation for details. (called from /Users/zms/netwirc/svn/app/controllers/application.rb:5)
DEPRECATION WARNING: depend_on is deprecated and will be removed from Rails 2.0  See http://www.rubyonrails.org/deprecation for details. (called from model_without_deprecation at /System/Library/Frameworks/Ruby.framework/Versions/1.8/usr/lib/ruby/gems/1.8/gems/actionpack-1.13.6/lib/action_controller/deprecated_dependencies.rb:13)
MainController: missing default helper path main_helper


Processing MainController#check_for_events (for 127.0.0.1 at 2007-12-21 23:26:27) [POST]
  Session ID: c4a12abcdacc1e39905709e3b883cf0f
  Parameters: {"action"=>"check_for_events", "id"=>"13230", "controller"=>"main"}
  [4;35;1mEventListener Load (0.000785)[0m   [0mSELECT * FROM event_listeners WHERE (receiving_user_id = '13230' AND status_id = 1) LIMIT 1[0m
Rendering  within layouts/general
Rendering main/check_for_events
Rendered main/_logo (0.00017)
DEPRECATION WARNING: end_form_tag is deprecated and will be removed from Rails 2.0  See http://www.rubyonrails.org/deprecation for details. (called from _run_rhtml_47app47views47main47_find_channel46rhtml at /Users/zms/netwirc/svn/app/views/main/_find_channel.rhtml:8)
Rendered main/_find_channel (0.00121)
  [4;36;1mUser Columns (0.004870)[0m   [0;1mSHOW FIELDS FROM users[0m
  [4;35;1mUser Load (0.001590)[0m   [0mSELECT * FROM users WHERE (users.`id` = 13230) [0m
Rendered main/_top_links (0.02656)
  [4;36;1mChannel Columns (0.003753)[0m   [0;1mSHOW FIELDS FROM channels[0m
  [4;35;1mChannel Load (0.001139)[0m   [0mSELECT * FROM channels WHERE (channels.`id` = 1) [0m
Rendered main/_featured_channel (0.00135)
  [4;36;1mChannel Load (0.001038)[0m   [0;1mSELECT * FROM channels WHERE (channels.`id` = 12) [0m
Rendered main/_featured_channel (0.00012)
  [4;35;1mChannel Load (0.000959)[0m   [0mSELECT * FROM channels WHERE (channels.`id` = 13) [0m
Rendered main/_featured_channel (0.00009)
  [4;36;1mChannel Load (0.000741)[0m   [0;1mSELECT * FROM channels WHERE (channels.`id` = 14) [0m
Rendered main/_featured_channel (0.00007)
  [4;35;1mChannel Load (0.000704)[0m   [0mSELECT * FROM channels WHERE (channels.`id` = 15) [0m
Rendered main/_featured_channel (0.00007)
Rendered main/_featured_channels (0.02771)
Rendered main/_tabs (0.00068)
  [4;36;1mUser Load (0.000949)[0m   [0;1mSELECT * FROM users WHERE (users.`id` = 13230) [0m
DEPRECATION WARNING: end_form_tag is deprecated and will be removed from Rails 2.0  See http://www.rubyonrails.org/deprecation for details. (called from _run_rhtml_47app47views47user47_mini_login46rhtml at /Users/zms/netwirc/svn/app/views/user/_mini_login.rhtml:11)
Rendered user/_mini_login (0.00089)
Rendered main/_left_nav (0.00268)
Rendered main/_event_listener (0.00049)
  [4;35;1mChannelMember Load (0.000652)[0m   [0mSELECT * FROM channel_members WHERE (user_id = 13230) ORDER BY last_seen DESC LIMIT 10[0m
  [4;36;1mChannelMember Columns (0.003423)[0m   [0;1mSHOW FIELDS FROM channel_members[0m
  [4;35;1mChannel Load (0.001354)[0m   [0mSELECT * FROM channels WHERE (channels.`id` = 1) [0m
Rendered channel/_history (0.00761)
  [4;36;1mChannel Load (0.000948)[0m   [0;1mselect channels.id AS id, channels.name AS name, count(channel_members.user_id) AS qty from channels, channel_members, users where channels.id = channel_members.channel_id and channels.channel_access_id <> 3 and channel_members.currently_in = 1 and channel_members.user_id = users.id and (channels.channel_access_id = 1 or users.user_type_id <> 1) group by channel_id order by qty desc limit 10[0m
Rendered channel/_popular (0.00187)
Rendered main/_bottom_links (0.00066)
DEPRECATION WARNING: @flash is deprecated! Call flash.[] instead of @flash.[]. Args: [:error]  See http://www.rubyonrails.org/deprecation for details. (called from _run_rhtml_47app47views47main47_flash46rhtml at /Users/zms/netwirc/svn/app/views/main/_flash.rhtml:1)
DEPRECATION WARNING: @flash is deprecated! Call flash.[] instead of @flash.[]. Args: [:notice]  See http://www.rubyonrails.org/deprecation for details. (called from _run_rhtml_47app47views47main47_flash46rhtml at /Users/zms/netwirc/svn/app/views/main/_flash.rhtml:2)
Rendered main/_flash (0.00060)
Completed in 0.07872 (12 reqs/sec) | Rendering: 0.05116 (64%) | DB: 0.02290 (29%) | 200 OK [http://localhost/main/check_for_events/13230]
DEPRECATION WARNING: model is deprecated and will be removed from Rails 2.0  See http://www.rubyonrails.org/deprecation for details. (called from /Users/zms/netwirc/svn/app/controllers/application.rb:5)
DEPRECATION WARNING: depend_on is deprecated and will be removed from Rails 2.0  See http://www.rubyonrails.org/deprecation for details. (called from model_without_deprecation at /System/Library/Frameworks/Ruby.framework/Versions/1.8/usr/lib/ruby/gems/1.8/gems/actionpack-1.13.6/lib/action_controller/deprecated_dependencies.rb:13)


Processing ChannelController#get_user_list (for 127.0.0.1 at 2007-12-21 23:26:27) [POST]
  Session ID: c4a12abcdacc1e39905709e3b883cf0f
  Parameters: {"action"=>"get_user_list", "id"=>"1", "controller"=>"channel"}
Fragment read: localhost:3000/channel/get_user_list/1 (0.00014)
Filter chain halted as [#<ActionController::Filters::ClassMethods::ClassBeforeFilter:0x23e1924 @filter=#<ActionController::Caching::Actions::ActionCacheFilter:0x23e1ab4 @actions=#<Set: {:get_user_list}>>>] returned_false.
Completed in 0.00093 (1070 reqs/sec) | DB: 0.00000 (0%) | 200 OK [http://localhost/channel/get_user_list/1]
DEPRECATION WARNING: model is deprecated and will be removed from Rails 2.0  See http://www.rubyonrails.org/deprecation for details. (called from /Users/zms/netwirc/svn/app/controllers/application.rb:5)
DEPRECATION WARNING: depend_on is deprecated and will be removed from Rails 2.0  See http://www.rubyonrails.org/deprecation for details. (called from model_without_deprecation at /System/Library/Frameworks/Ruby.framework/Versions/1.8/usr/lib/ruby/gems/1.8/gems/actionpack-1.13.6/lib/action_controller/deprecated_dependencies.rb:13)


Processing ChannelController#check_for_messages (for 127.0.0.1 at 2007-12-21 23:26:27) [POST]
  Session ID: c4a12abcdacc1e39905709e3b883cf0f
  Parameters: {"action"=>"check_for_messages", "id"=>"1", "controller"=>"channel"}
  [4;35;1mChannelTranscript Load (0.042791)[0m   [0mSELECT * FROM channel_transcripts WHERE (channel_id = '1') ORDER BY id desc LIMIT 1[0m
  [4;36;1mChannelTranscript Columns (0.004125)[0m   [0;1mSHOW FIELDS FROM channel_transcripts[0m
Rendering channel/check_for_messages
Rendered channel/_latest_messages (0.00017)
Completed in 0.05625 (17 reqs/sec) | Rendering: 0.00598 (10%) | DB: 0.04692 (83%) | 200 OK [http://localhost/channel/check_for_messages/1]
DEPRECATION WARNING: model is deprecated and will be removed from Rails 2.0  See http://www.rubyonrails.org/deprecation for details. (called from /Users/zms/netwirc/svn/app/controllers/application.rb:5)
DEPRECATION WARNING: depend_on is deprecated and will be removed from Rails 2.0  See http://www.rubyonrails.org/deprecation for details. (called from model_without_deprecation at /System/Library/Frameworks/Ruby.framework/Versions/1.8/usr/lib/ruby/gems/1.8/gems/actionpack-1.13.6/lib/action_controller/deprecated_dependencies.rb:13)


Processing ChannelController#check_for_messages (for 127.0.0.1 at 2007-12-21 23:26:27) [POST]
  Session ID: c4a12abcdacc1e39905709e3b883cf0f
  Parameters: {"action"=>"check_for_messages", "id"=>"1", "controller"=>"channel"}
  [4;35;1mChannelTranscript Load (0.042564)[0m   [0mSELECT * FROM channel_transcripts WHERE (channel_id = '1') ORDER BY id desc LIMIT 1[0m
  [4;36;1mChannelTranscript Columns (0.003770)[0m   [0;1mSHOW FIELDS FROM channel_transcripts[0m
Rendering channel/check_for_messages
Rendered channel/_latest_messages (0.00034)
Completed in 0.05537 (18 reqs/sec) | Rendering: 0.00601 (10%) | DB: 0.04633 (83%) | 200 OK [http://localhost/channel/check_for_messages/1]
DEPRECATION WARNING: model is deprecated and will be removed from Rails 2.0  See http://www.rubyonrails.org/deprecation for details. (called from /Users/zms/netwirc/svn/app/controllers/application.rb:5)
DEPRECATION WARNING: depend_on is deprecated and will be removed from Rails 2.0  See http://www.rubyonrails.org/deprecation for details. (called from model_without_deprecation at /System/Library/Frameworks/Ruby.framework/Versions/1.8/usr/lib/ruby/gems/1.8/gems/actionpack-1.13.6/lib/action_controller/deprecated_dependencies.rb:13)


Processing ChannelController#get_user_list (for 127.0.0.1 at 2007-12-21 23:26:28) [POST]
  Session ID: c4a12abcdacc1e39905709e3b883cf0f
  Parameters: {"action"=>"get_user_list", "id"=>"1", "controller"=>"channel"}
Fragment read: localhost:3000/channel/get_user_list/1 (0.00019)
Filter chain halted as [#<ActionController::Filters::ClassMethods::ClassBeforeFilter:0x230e114 @filter=#<ActionController::Caching::Actions::ActionCacheFilter:0x230e290 @actions=#<Set: {:get_user_list}>>>] returned_false.
Completed in 0.00114 (878 reqs/sec) | DB: 0.00000 (0%) | 200 OK [http://localhost/channel/get_user_list/1]
DEPRECATION WARNING: model is deprecated and will be removed from Rails 2.0  See http://www.rubyonrails.org/deprecation for details. (called from /Users/zms/netwirc/svn/app/controllers/application.rb:5)
DEPRECATION WARNING: depend_on is deprecated and will be removed from Rails 2.0  See http://www.rubyonrails.org/deprecation for details. (called from model_without_deprecation at /System/Library/Frameworks/Ruby.framework/Versions/1.8/usr/lib/ruby/gems/1.8/gems/actionpack-1.13.6/lib/action_controller/deprecated_dependencies.rb:13)


Processing ChannelController#check_for_messages (for 127.0.0.1 at 2007-12-21 23:26:28) [POST]
  Session ID: c4a12abcdacc1e39905709e3b883cf0f
  Parameters: {"action"=>"check_for_messages", "id"=>"1", "controller"=>"channel"}
  [4;35;1mChannelTranscript Load (0.042626)[0m   [0mSELECT * FROM channel_transcripts WHERE (channel_id = '1') ORDER BY id desc LIMIT 1[0m
  [4;36;1mChannelTranscript Columns (0.004179)[0m   [0;1mSHOW FIELDS FROM channel_transcripts[0m
Rendering channel/check_for_messages
Rendered channel/_latest_messages (0.00014)
Completed in 0.06044 (16 reqs/sec) | Rendering: 0.01008 (16%) | DB: 0.04680 (77%) | 200 OK [http://localhost/channel/check_for_messages/1]
DEPRECATION WARNING: model is deprecated and will be removed from Rails 2.0  See http://www.rubyonrails.org/deprecation for details. (called from /Users/zms/netwirc/svn/app/controllers/application.rb:5)
DEPRECATION WARNING: depend_on is deprecated and will be removed from Rails 2.0  See http://www.rubyonrails.org/deprecation for details. (called from model_without_deprecation at /System/Library/Frameworks/Ruby.framework/Versions/1.8/usr/lib/ruby/gems/1.8/gems/actionpack-1.13.6/lib/action_controller/deprecated_dependencies.rb:13)


Processing ChannelController#visit (for 127.0.0.1 at 2007-12-21 23:26:28) [GET]
  Session ID: c4a12abcdacc1e39905709e3b883cf0f
  Parameters: {"action"=>"visit", "id"=>"12", "controller"=>"channel"}
  [4;35;1mChannel Columns (0.002567)[0m   [0mSHOW FIELDS FROM channels[0m
  [4;36;1mChannel Load (0.000771)[0m   [0;1mSELECT * FROM channels WHERE (channels.`id` = 12) [0m
  [4;35;1mUser Columns (0.004439)[0m   [0mSHOW FIELDS FROM users[0m
  [4;36;1mUser Load (0.001601)[0m   [0;1mSELECT * FROM users WHERE (users.`id` = 13230) [0m
  [4;35;1mChannelMember Columns (0.002711)[0m   [0mSHOW FIELDS FROM channel_members[0m
  [4;36;1mChannelMember Load (0.024890)[0m   [0;1mSELECT * FROM channel_members WHERE (channel_members.channel_id = 12) AND (channel_members.`user_id` = 13230) LIMIT 1[0m
  [4;35;1mSQL (0.000306)[0m   [0mBEGIN[0m
  [4;36;1mSQL (0.000647)[0m   [0;1mINSERT INTO channel_members (`channel_id`, `last_seen`, `currently_in`, `user_id`, `channel_member_role_id`) VALUES(12, NULL, 0, 13230, 2)[0m
  [4;35;1mChannel Load (0.001170)[0m   [0mSELECT * FROM channels WHERE (channels.`id` = 12) [0m
Expired fragment: localhost:3000/channel/get_user_list/12 (0.00031)
  [4;36;1mSQL (0.000246)[0m   [0;1mCOMMIT[0m
  [4;35;1mUser Load (0.001476)[0m   [0mSELECT * FROM users WHERE (users.`id` = 13230) [0m
  [4;36;1mChannel Load (0.000903)[0m   [0;1mSELECT * FROM channels WHERE (channels.`id` = 12) [0m
Expired fragment: localhost:3000/channel/get_user_list/12 (0.00015)
  [4;35;1mChannelMember Load (0.004021)[0m   [0mSELECT * FROM channel_members WHERE (channel_id = 12 and channel_member_role_id = 5) LIMIT 1[0m
  [4;36;1mChannelPicture Columns (0.003206)[0m   [0;1mSHOW FIELDS FROM channel_pictures[0m
  [4;35;1mChannelPicture Load (0.014142)[0m   [0mSELECT * FROM channel_pictures WHERE (channel_pictures.`channel_id` = 12) LIMIT 1[0m
  [4;36;1mChannelMember Load (0.000935)[0m   [0;1mSELECT * FROM channel_members WHERE (channel_members.channel_id = 12) AND (channel_members.`user_id` = 13230) LIMIT 1[0m
  [4;35;1mChannelFavorite Columns (0.001930)[0m   [0mSHOW FIELDS FROM channel_favorites[0m
  [4;36;1mChannelFavorite Load (0.000683)[0m   [0;1mSELECT * FROM channel_favorites WHERE (channel_favorites.channel_id = 12) AND (channel_favorites.`channel_id` = 12 AND channel_favorites.`user_id` = 13230) LIMIT 1[0m
  [4;35;1mSQL (0.000171)[0m   [0mBEGIN[0m
  [4;36;1mChannelMember Update (0.000377)[0m   [0;1mUPDATE channel_members SET `currently_in` = 1, `channel_id` = 12, `channel_member_role_id` = 2, `user_id` = 13230, `last_seen` = '2007-12-21 23:26:28' WHERE `id` = 13673[0m
  [4;35;1mChannel Load (0.000734)[0m   [0mSELECT * FROM channels WHERE (channels.`id` = 12) [0m
Expired fragment: localhost:3000/channel/get_user_list/12 (0.00019)
  [4;36;1mSQL (0.000171)[0m   [0;1mCOMMIT[0m
  [4;35;1mChannel Load (0.001236)[0m   [0mSELECT * FROM channels WHERE (channels.`id` = 12) [0m
  [4;36;1mChannelMember Load (0.000738)[0m   [0;1mSELECT * FROM channel_members WHERE (user_id = 13230 AND channel_id = '12' AND (channel_member_role_id = 4 OR channel_member_role_id = 5 OR channel_member_role_id = 6)) LIMIT 1[0m
Rendering  within layouts/general
Rendering channel/visit
Rendered channel/_channel_header_logo (0.00034)
Rendered channel/_channel_header_info (0.00030)
Rendered channel/_channel_header_create_your_own (0.00040)
  [4;35;1mUser Load (0.001089)[0m   [0mSELECT * FROM users WHERE (users.`id` = 669) [0m
  [4;36;1mUserPicture Load (0.003429)[0m   [0;1mSELECT * FROM user_pictures WHERE (user_pictures.user_id = 669) LIMIT 1[0m
  [4;35;1mUserPicture Columns (0.003507)[0m   [0mSHOW FIELDS FROM user_pictures[0m
Rendered channel/_channel_bottom_info (0.06238)
Rendered channel/_chat_room_conversation (0.00014)
Rendered channel/_chat_room_type_box (0.00013)
Rendered channel/_add_favorite (0.00051)
Rendered channel/_channel_menu (0.00169)
Rendered main/_logo (0.00024)
DEPRECATION WARNING: end_form_tag is deprecated and will be removed from Rails 2.0  See http://www.rubyonrails.org/deprecation for details. (called from _run_rhtml_47app47views47main47_find_channel46rhtml at /Users/zms/netwirc/svn/app/views/main/_find_channel.rhtml:8)
Rendered main/_find_channel (0.00131)
  [4;36;1mUser Load (0.001451)[0m   [0;1mSELECT * FROM users WHERE (users.`id` = 13230) [0m
Rendered main/_top_links (0.00244)
  [4;35;1mChannel Load (0.001028)[0m   [0mSELECT * FROM channels WHERE (channels.`id` = 1) [0m
Rendered main/_featured_channel (0.00011)
  [4;36;1mChannel Load (0.000832)[0m   [0;1mSELECT * FROM channels WHERE (channels.`id` = 12) [0m
Rendered main/_featured_channel (0.00008)
  [4;35;1mChannel Load (0.000714)[0m   [0mSELECT * FROM channels WHERE (channels.`id` = 13) [0m
Rendered main/_featured_channel (0.00007)
  [4;36;1mChannel Load (0.000697)[0m   [0;1mSELECT * FROM channels WHERE (channels.`id` = 14) [0m
Rendered main/_featured_channel (0.00007)
  [4;35;1mChannel Load (0.000705)[0m   [0mSELECT * FROM channels WHERE (channels.`id` = 15) [0m
Rendered main/_featured_channel (0.00007)
Rendered main/_featured_channels (0.00799)
Rendered main/_tabs (0.00097)
  [4;36;1mUser Load (0.001022)[0m   [0;1mSELECT * FROM users WHERE (users.`id` = 13230) [0m
DEPRECATION WARNING: end_form_tag is deprecated and will be removed from Rails 2.0  See http://www.rubyonrails.org/deprecation for details. (called from _run_rhtml_47app47views47user47_mini_login46rhtml at /Users/zms/netwirc/svn/app/views/user/_mini_login.rhtml:11)
Rendered user/_mini_login (0.00101)
Rendered main/_left_nav (0.00297)
Rendered main/_event_listener (0.00047)
  [4;35;1mChannelMember Load (0.000711)[0m   [0mSELECT * FROM channel_members WHERE (user_id = 13230) ORDER BY last_seen DESC LIMIT 10[0m
  [4;36;1mChannel Load (0.000779)[0m   [0;1mSELECT * FROM channels WHERE (channels.`id` = 12) [0m
  [4;35;1mChannel Load (0.000764)[0m   [0mSELECT * FROM channels WHERE (channels.`id` = 1) [0m
Rendered channel/_history (0.00390)
  [4;36;1mChannel Load (0.001028)[0m   [0;1mselect channels.id AS id, channels.name AS name, count(channel_members.user_id) AS qty from channels, channel_members, users where channels.id = channel_members.channel_id and channels.channel_access_id <> 3 and channel_members.currently_in = 1 and channel_members.user_id = users.id and (channels.channel_access_id = 1 or users.user_type_id <> 1) group by channel_id order by qty desc limit 10[0m
Rendered channel/_popular (0.00193)
Rendered main/_bottom_links (0.00050)
DEPRECATION WARNING: @flash is deprecated! Call flash.[] instead of @flash.[]. Args: [:error]  See http://www.rubyonrails.org/deprecation for details. (called from _run_rhtml_47app47views47main47_flash46rhtml at /Users/zms/netwirc/svn/app/views/main/_flash.rhtml:1)
DEPRECATION WARNING: @flash is deprecated! Call flash.[] instead of @flash.[]. Args: [:notice]  See http://www.rubyonrails.org/deprecation for details. (called from _run_rhtml_47app47views47main47_flash46rhtml at /Users/zms/netwirc/svn/app/views/main/_flash.rhtml:2)
Rendered main/_flash (0.00050)
Completed in 0.27121 (3 reqs/sec) | Rendering: 0.07648 (28%) | DB: 0.08783 (32%) | 200 OK [http://localhost/channel/visit/12]
DEPRECATION WARNING: model is deprecated and will be removed from Rails 2.0  See http://www.rubyonrails.org/deprecation for details. (called from /Users/zms/netwirc/svn/app/controllers/application.rb:5)
DEPRECATION WARNING: depend_on is deprecated and will be removed from Rails 2.0  See http://www.rubyonrails.org/deprecation for details. (called from model_without_deprecation at /System/Library/Frameworks/Ruby.framework/Versions/1.8/usr/lib/ruby/gems/1.8/gems/actionpack-1.13.6/lib/action_controller/deprecated_dependencies.rb:13)
UserController: missing default helper path user_helper


Processing UserController#picture (for 127.0.0.1 at 2007-12-21 23:26:28) [GET]
  Session ID: c4a12abcdacc1e39905709e3b883cf0f
  Parameters: {"action"=>"picture", "id"=>"33", "controller"=>"user"}
  [4;35;1mUserPicture Columns (0.003964)[0m   [0mSHOW FIELDS FROM user_pictures[0m
  [4;36;1mUserPicture Load (0.001393)[0m   [0;1mSELECT * FROM user_pictures WHERE (user_pictures.`id` = 33) [0m
Sending data 
Completed in 0.05691 (17 reqs/sec) | Rendering: 0.00007 (0%) | DB: 0.00536 (9%) | 200 OK [http://localhost/user/picture/33]
DEPRECATION WARNING: model is deprecated and will be removed from Rails 2.0  See http://www.rubyonrails.org/deprecation for details. (called from /Users/zms/netwirc/svn/app/controllers/application.rb:5)
DEPRECATION WARNING: depend_on is deprecated and will be removed from Rails 2.0  See http://www.rubyonrails.org/deprecation for details. (called from model_without_deprecation at /System/Library/Frameworks/Ruby.framework/Versions/1.8/usr/lib/ruby/gems/1.8/gems/actionpack-1.13.6/lib/action_controller/deprecated_dependencies.rb:13)


Processing ChannelController#picture (for 127.0.0.1 at 2007-12-21 23:26:29) [GET]
  Session ID: c4a12abcdacc1e39905709e3b883cf0f
  Parameters: {"action"=>"picture", "id"=>"18", "controller"=>"channel"}
  [4;35;1mChannelPicture Columns (0.002122)[0m   [0mSHOW FIELDS FROM channel_pictures[0m
  [4;36;1mChannelPicture Load (0.000951)[0m   [0;1mSELECT * FROM channel_pictures WHERE (channel_pictures.`id` = 18) [0m
Sending data 
Completed in 0.00952 (104 reqs/sec) | Rendering: 0.00005 (0%) | DB: 0.00307 (32%) | 200 OK [http://localhost/channel/picture/18]
DEPRECATION WARNING: model is deprecated and will be removed from Rails 2.0  See http://www.rubyonrails.org/deprecation for details. (called from /Users/zms/netwirc/svn/app/controllers/application.rb:5)
DEPRECATION WARNING: depend_on is deprecated and will be removed from Rails 2.0  See http://www.rubyonrails.org/deprecation for details. (called from model_without_deprecation at /System/Library/Frameworks/Ruby.framework/Versions/1.8/usr/lib/ruby/gems/1.8/gems/actionpack-1.13.6/lib/action_controller/deprecated_dependencies.rb:13)


Processing ChannelController#check_for_messages (for 127.0.0.1 at 2007-12-21 23:26:29) [POST]
  Session ID: c4a12abcdacc1e39905709e3b883cf0f
  Parameters: {"action"=>"check_for_messages", "id"=>"12", "controller"=>"channel"}
  [4;35;1mChannelTranscript Load (0.016795)[0m   [0mSELECT * FROM channel_transcripts WHERE (channel_id = '12') ORDER BY id desc LIMIT 11[0m
  [4;36;1mChannelTranscript Columns (0.003806)[0m   [0;1mSHOW FIELDS FROM channel_transcripts[0m
  [4;35;1mChannelTranscript Load (0.004176)[0m   [0mSELECT * FROM channel_transcripts WHERE (channel_id = '12') ORDER BY id desc LIMIT 1[0m
  [4;36;1mChannel Columns (0.002555)[0m   [0;1mSHOW FIELDS FROM channels[0m
  [4;35;1mChannel Load (0.000759)[0m   [0mSELECT * FROM channels WHERE (channels.`id` = 12) [0m
  [4;36;1mUser Columns (0.002850)[0m   [0;1mSHOW FIELDS FROM users[0m
  [4;35;1mUser Load (0.001107)[0m   [0mSELECT * FROM users WHERE (users.`id` = 13230) [0m
  [4;36;1mChannelTranscript Load (0.014714)[0m   [0;1mSELECT * FROM channel_transcripts WHERE (id > 9970 AND channel_id = 12) ORDER BY id[0m
Rendering channel/check_for_messages
  [4;35;1mUser Load (0.001401)[0m   [0mSELECT * FROM users WHERE (users.`id` = 5420) [0m
  [4;36;1mUser Load (0.001022)[0m   [0;1mSELECT * FROM users WHERE (users.`id` = 5420) [0m
  [4;35;1mUser Load (0.015947)[0m   [0mSELECT * FROM users WHERE (users.`id` = 5643) [0m
  [4;36;1mUser Load (0.001580)[0m   [0;1mSELECT * FROM users WHERE (users.`id` = 5420) [0m
  [4;35;1mUser Load (0.001671)[0m   [0mSELECT * FROM users WHERE (users.`id` = 5420) [0m
  [4;36;1mUser Load (0.001450)[0m   [0;1mSELECT * FROM users WHERE (users.`id` = 5420) [0m
  [4;35;1mUser Load (0.001537)[0m   [0mSELECT * FROM users WHERE (users.`id` = 129) [0m
  [4;36;1mUser Load (0.002053)[0m   [0;1mSELECT * FROM users WHERE (users.`id` = 6716) [0m
  [4;35;1mUser Load (0.001423)[0m   [0mSELECT * FROM users WHERE (users.`id` = 6716) [0m
  [4;36;1mUser Load (0.001693)[0m   [0;1mSELECT * FROM users WHERE (users.`id` = 1054) [0m
Rendered channel/_latest_messages (0.03893)
Completed in 0.12574 (7 reqs/sec) | Rendering: 0.01543 (12%) | DB: 0.07654 (60%) | 200 OK [http://localhost/channel/check_for_messages/12]
DEPRECATION WARNING: model is deprecated and will be removed from Rails 2.0  See http://www.rubyonrails.org/deprecation for details. (called from /Users/zms/netwirc/svn/app/controllers/application.rb:5)
DEPRECATION WARNING: depend_on is deprecated and will be removed from Rails 2.0  See http://www.rubyonrails.org/deprecation for details. (called from model_without_deprecation at /System/Library/Frameworks/Ruby.framework/Versions/1.8/usr/lib/ruby/gems/1.8/gems/actionpack-1.13.6/lib/action_controller/deprecated_dependencies.rb:13)


Processing ChannelController#get_user_list (for 127.0.0.1 at 2007-12-21 23:26:29) [POST]
  Session ID: c4a12abcdacc1e39905709e3b883cf0f
  Parameters: {"action"=>"get_user_list", "id"=>"12", "controller"=>"channel"}
Fragment read: localhost:3000/channel/get_user_list/12 (0.00018)
  [4;35;1mChannel Columns (0.004278)[0m   [0mSHOW FIELDS FROM channels[0m
  [4;36;1mChannel Load (0.001157)[0m   [0;1mSELECT * FROM channels WHERE (channels.`id` = 12) [0m
  [4;35;1mChannelMember Load (0.001050)[0m   [0mSELECT * FROM channel_members WHERE (channel_id = 12 AND currently_in = 1) ORDER BY channel_member_role_id DESC[0m
  [4;36;1mChannelMember Columns (0.002244)[0m   [0;1mSHOW FIELDS FROM channel_members[0m
  [4;35;1mUser Columns (0.003919)[0m   [0mSHOW FIELDS FROM users[0m
  [4;36;1mUser Load (0.001813)[0m   [0;1mSELECT * FROM users WHERE (users.`id` = 13230) [0m
  [4;35;1mChannel Load (0.001033)[0m   [0mSELECT * FROM channels WHERE (channels.`id` = 12) [0m
DEPRECATION WARNING: end_form_tag is deprecated and will be removed from Rails 2.0  See http://www.rubyonrails.org/deprecation for details. (called from _run_rhtml_47app47views47channel47_chat_room_member_list46rhtml at /Users/zms/netwirc/svn/app/views/channel/_chat_room_member_list.rhtml:29)
Rendered channel/_chat_room_member_list (0.03185)
Cached fragment: localhost:3000/channel/get_user_list/12 (0.00032)
Completed in 0.05363 (18 reqs/sec) | Rendering: 0.02330 (43%) | DB: 0.01549 (28%) | 200 OK [http://localhost/channel/get_user_list/12]
DEPRECATION WARNING: model is deprecated and will be removed from Rails 2.0  See http://www.rubyonrails.org/deprecation for details. (called from /Users/zms/netwirc/svn/app/controllers/application.rb:5)
DEPRECATION WARNING: depend_on is deprecated and will be removed from Rails 2.0  See http://www.rubyonrails.org/deprecation for details. (called from model_without_deprecation at /System/Library/Frameworks/Ruby.framework/Versions/1.8/usr/lib/ruby/gems/1.8/gems/actionpack-1.13.6/lib/action_controller/deprecated_dependencies.rb:13)


Processing ChannelController#check_for_messages (for 127.0.0.1 at 2007-12-21 23:26:30) [POST]
  Session ID: c4a12abcdacc1e39905709e3b883cf0f
  Parameters: {"action"=>"check_for_messages", "id"=>"12", "controller"=>"channel"}
  [4;36;1mChannelTranscript Load (0.003260)[0m   [0;1mSELECT * FROM channel_transcripts WHERE (channel_id = '12') ORDER BY id desc LIMIT 1[0m
  [4;35;1mChannelTranscript Columns (0.002216)[0m   [0mSHOW FIELDS FROM channel_transcripts[0m
Rendering channel/check_for_messages
Rendered channel/_latest_messages (0.00010)
Completed in 0.01303 (76 reqs/sec) | Rendering: 0.00424 (32%) | DB: 0.00548 (42%) | 200 OK [http://localhost/channel/check_for_messages/12]
DEPRECATION WARNING: model is deprecated and will be removed from Rails 2.0  See http://www.rubyonrails.org/deprecation for details. (called from /Users/zms/netwirc/svn/app/controllers/application.rb:5)
DEPRECATION WARNING: depend_on is deprecated and will be removed from Rails 2.0  See http://www.rubyonrails.org/deprecation for details. (called from model_without_deprecation at /System/Library/Frameworks/Ruby.framework/Versions/1.8/usr/lib/ruby/gems/1.8/gems/actionpack-1.13.6/lib/action_controller/deprecated_dependencies.rb:13)


Processing ChannelController#check_for_messages (for 127.0.0.1 at 2007-12-21 23:26:30) [POST]
  Session ID: c4a12abcdacc1e39905709e3b883cf0f
  Parameters: {"action"=>"check_for_messages", "id"=>"12", "controller"=>"channel"}
  [4;36;1mChannelTranscript Load (0.002816)[0m   [0;1mSELECT * FROM channel_transcripts WHERE (channel_id = '12') ORDER BY id desc LIMIT 1[0m
  [4;35;1mChannelTranscript Columns (0.003658)[0m   [0mSHOW FIELDS FROM channel_transcripts[0m
Rendering channel/check_for_messages
Rendered channel/_latest_messages (0.00014)
Completed in 0.01546 (64 reqs/sec) | Rendering: 0.00584 (37%) | DB: 0.00647 (41%) | 200 OK [http://localhost/channel/check_for_messages/12]
DEPRECATION WARNING: model is deprecated and will be removed from Rails 2.0  See http://www.rubyonrails.org/deprecation for details. (called from /Users/zms/netwirc/svn/app/controllers/application.rb:5)
DEPRECATION WARNING: depend_on is deprecated and will be removed from Rails 2.0  See http://www.rubyonrails.org/deprecation for details. (called from model_without_deprecation at /System/Library/Frameworks/Ruby.framework/Versions/1.8/usr/lib/ruby/gems/1.8/gems/actionpack-1.13.6/lib/action_controller/deprecated_dependencies.rb:13)


Processing ChannelController#get_user_list (for 127.0.0.1 at 2007-12-21 23:26:30) [POST]
  Session ID: c4a12abcdacc1e39905709e3b883cf0f
  Parameters: {"action"=>"get_user_list", "id"=>"12", "controller"=>"channel"}
Fragment read: localhost:3000/channel/get_user_list/12 (0.00016)
Filter chain halted as [#<ActionController::Filters::ClassMethods::ClassBeforeFilter:0x24bd294 @filter=#<ActionController::Caching::Actions::ActionCacheFilter:0x24bd4ec @actions=#<Set: {:get_user_list}>>>] returned_false.
Completed in 0.00112 (894 reqs/sec) | DB: 0.00000 (0%) | 200 OK [http://localhost/channel/get_user_list/12]
DEPRECATION WARNING: model is deprecated and will be removed from Rails 2.0  See http://www.rubyonrails.org/deprecation for details. (called from /Users/zms/netwirc/svn/app/controllers/application.rb:5)
DEPRECATION WARNING: depend_on is deprecated and will be removed from Rails 2.0  See http://www.rubyonrails.org/deprecation for details. (called from model_without_deprecation at /System/Library/Frameworks/Ruby.framework/Versions/1.8/usr/lib/ruby/gems/1.8/gems/actionpack-1.13.6/lib/action_controller/deprecated_dependencies.rb:13)


Processing ChannelController#check_for_messages (for 127.0.0.1 at 2007-12-21 23:26:30) [POST]
  Session ID: c4a12abcdacc1e39905709e3b883cf0f
  Parameters: {"action"=>"check_for_messages", "id"=>"12", "controller"=>"channel"}
  [4;36;1mChannelTranscript Load (0.003044)[0m   [0;1mSELECT * FROM channel_transcripts WHERE (channel_id = '12') ORDER BY id desc LIMIT 1[0m
  [4;35;1mChannelTranscript Columns (0.002770)[0m   [0mSHOW FIELDS FROM channel_transcripts[0m
Rendering channel/check_for_messages
Rendered channel/_latest_messages (0.00014)
Completed in 0.01396 (71 reqs/sec) | Rendering: 0.00501 (35%) | DB: 0.00581 (41%) | 200 OK [http://localhost/channel/check_for_messages/12]
DEPRECATION WARNING: model is deprecated and will be removed from Rails 2.0  See http://www.rubyonrails.org/deprecation for details. (called from /Users/zms/netwirc/svn/app/controllers/application.rb:5)
DEPRECATION WARNING: depend_on is deprecated and will be removed from Rails 2.0  See http://www.rubyonrails.org/deprecation for details. (called from model_without_deprecation at /System/Library/Frameworks/Ruby.framework/Versions/1.8/usr/lib/ruby/gems/1.8/gems/actionpack-1.13.6/lib/action_controller/deprecated_dependencies.rb:13)


Processing ChannelController#check_for_messages (for 127.0.0.1 at 2007-12-21 23:26:31) [POST]
  Session ID: c4a12abcdacc1e39905709e3b883cf0f
  Parameters: {"action"=>"check_for_messages", "id"=>"12", "controller"=>"channel"}
  [4;36;1mChannelTranscript Load (0.002862)[0m   [0;1mSELECT * FROM channel_transcripts WHERE (channel_id = '12') ORDER BY id desc LIMIT 1[0m
  [4;35;1mChannelTranscript Columns (0.003894)[0m   [0mSHOW FIELDS FROM channel_transcripts[0m
Rendering channel/check_for_messages
Rendered channel/_latest_messages (0.00014)
Completed in 0.01692 (59 reqs/sec) | Rendering: 0.00712 (42%) | DB: 0.00676 (39%) | 200 OK [http://localhost/channel/check_for_messages/12]
